<?xml version="1.0" encoding="UTF-8"?>
<testng-results ignored="0" total="3" passed="2" failed="1" skipped="0">
  <reporter-output>
  </reporter-output>
  <suite started-at="2022-01-04T17:45:26 IST" name="Magplus_Testing" finished-at="2022-01-04T17:46:03 IST" duration-ms="37349">
    <groups>
    </groups>
    <test started-at="2022-01-04T17:45:26 IST" name="Magplus_Login" finished-at="2022-01-04T17:46:03 IST" duration-ms="37349">
      <class name="com.magplus.testcases.LoginPageTest">
        <test-method is-config="true" signature="ExtentReportSetup()[pri:0, instance:com.magplus.testcases.LoginPageTest@54bff557]" started-at="2022-01-04T17:45:26 IST" name="ExtentReportSetup" finished-at="2022-01-04T17:45:26 IST" duration-ms="246" status="PASS">
          <reporter-output>
          </reporter-output>
        </test-method> <!-- ExtentReportSetup -->
        <test-method is-config="true" signature="setup()[pri:0, instance:com.magplus.testcases.LoginPageTest@54bff557]" started-at="2022-01-04T17:45:26 IST" name="setup" finished-at="2022-01-04T17:45:39 IST" duration-ms="13386" status="PASS">
          <reporter-output>
          </reporter-output>
        </test-method> <!-- setup -->
        <test-method signature="LoginPageTitle()[pri:1, instance:com.magplus.testcases.LoginPageTest@54bff557]" started-at="2022-01-04T17:45:39 IST" name="LoginPageTitle" finished-at="2022-01-04T17:45:40 IST" duration-ms="93" status="FAIL">
          <exception class="java.lang.AssertionError">
            <message>
              <![CDATA[expected [Login | mag+1] but found [Login | mag+]]]>
            </message>
            <full-stacktrace>
              <![CDATA[java.lang.AssertionError: expected [Login | mag+1] but found [Login | mag+]
at org.testng.Assert.fail(Assert.java:99)
at org.testng.Assert.failNotEquals(Assert.java:1037)
at org.testng.Assert.assertEqualsImpl(Assert.java:140)
at org.testng.Assert.assertEquals(Assert.java:122)
at org.testng.Assert.assertEquals(Assert.java:629)
at org.testng.Assert.assertEquals(Assert.java:639)
at com.magplus.testcases.LoginPageTest.LoginPageTitle(LoginPageTest.java:41)
at java.base/jdk.internal.reflect.NativeMethodAccessorImpl.invoke0(Native Method)
at java.base/jdk.internal.reflect.NativeMethodAccessorImpl.invoke(NativeMethodAccessorImpl.java:77)
at java.base/jdk.internal.reflect.DelegatingMethodAccessorImpl.invoke(DelegatingMethodAccessorImpl.java:43)
at java.base/java.lang.reflect.Method.invoke(Method.java:568)
at org.testng.internal.MethodInvocationHelper.invokeMethod(MethodInvocationHelper.java:133)
at org.testng.internal.TestInvoker.invokeMethod(TestInvoker.java:598)
at org.testng.internal.TestInvoker.invokeTestMethod(TestInvoker.java:173)
at org.testng.internal.MethodRunner.runInSequence(MethodRunner.java:46)
at org.testng.internal.TestInvoker$MethodInvocationAgent.invoke(TestInvoker.java:824)
at org.testng.internal.TestInvoker.invokeTestMethods(TestInvoker.java:146)
at org.testng.internal.TestMethodWorker.invokeTestMethods(TestMethodWorker.java:146)
at org.testng.internal.TestMethodWorker.run(TestMethodWorker.java:128)
at java.base/java.util.ArrayList.forEach(ArrayList.java:1511)
at org.testng.TestRunner.privateRun(TestRunner.java:794)
at org.testng.TestRunner.run(TestRunner.java:596)
at org.testng.SuiteRunner.runTest(SuiteRunner.java:377)
at org.testng.SuiteRunner.runSequentially(SuiteRunner.java:371)
at org.testng.SuiteRunner.privateRun(SuiteRunner.java:332)
at org.testng.SuiteRunner.run(SuiteRunner.java:276)
at org.testng.SuiteRunnerWorker.runSuite(SuiteRunnerWorker.java:53)
at org.testng.SuiteRunnerWorker.run(SuiteRunnerWorker.java:96)
at org.testng.TestNG.runSuitesSequentially(TestNG.java:1212)
at org.testng.TestNG.runSuitesLocally(TestNG.java:1134)
at org.testng.TestNG.runSuites(TestNG.java:1063)
at org.testng.TestNG.run(TestNG.java:1031)
at org.testng.remote.AbstractRemoteTestNG.run(AbstractRemoteTestNG.java:115)
at org.testng.remote.RemoteTestNG.initAndRun(RemoteTestNG.java:251)
at org.testng.remote.RemoteTestNG.main(RemoteTestNG.java:77)
]]>
            </full-stacktrace>
          </exception> <!-- java.lang.AssertionError -->
          <reporter-output>
          </reporter-output>
        </test-method> <!-- LoginPageTitle -->
        <test-method is-config="true" signature="tearDown(org.testng.ITestResult)[pri:0, instance:com.magplus.testcases.LoginPageTest@54bff557]" started-at="2022-01-04T17:45:40 IST" name="tearDown" finished-at="2022-01-04T17:45:40 IST" duration-ms="392" status="PASS">
          <params>
            <param index="0">
              <value>
                <![CDATA[[TestResult name=LoginPageTitle status=FAILURE method=LoginPageTest.LoginPageTitle()[pri:1, instance:com.magplus.testcases.LoginPageTest@54bff557] output={null}]]]>
              </value>
            </param>
          </params>
          <reporter-output>
          </reporter-output>
        </test-method> <!-- tearDown -->
        <test-method is-config="true" signature="setup()[pri:0, instance:com.magplus.testcases.LoginPageTest@54bff557]" started-at="2022-01-04T17:45:40 IST" name="setup" finished-at="2022-01-04T17:45:49 IST" duration-ms="8987" status="PASS">
          <reporter-output>
          </reporter-output>
        </test-method> <!-- setup -->
        <test-method signature="LogoPresent()[pri:2, instance:com.magplus.testcases.LoginPageTest@54bff557]" started-at="2022-01-04T17:45:49 IST" name="LogoPresent" finished-at="2022-01-04T17:45:49 IST" duration-ms="223" status="PASS">
          <reporter-output>
          </reporter-output>
        </test-method> <!-- LogoPresent -->
        <test-method is-config="true" signature="tearDown(org.testng.ITestResult)[pri:0, instance:com.magplus.testcases.LoginPageTest@54bff557]" started-at="2022-01-04T17:45:49 IST" name="tearDown" finished-at="2022-01-04T17:45:49 IST" duration-ms="74" status="PASS">
          <params>
            <param index="0">
              <value>
                <![CDATA[[TestResult name=LogoPresent status=SUCCESS method=LoginPageTest.LogoPresent()[pri:2, instance:com.magplus.testcases.LoginPageTest@54bff557] output={null}]]]>
              </value>
            </param>
          </params>
          <reporter-output>
          </reporter-output>
        </test-method> <!-- tearDown -->
        <test-method is-config="true" signature="setup()[pri:0, instance:com.magplus.testcases.LoginPageTest@54bff557]" started-at="2022-01-04T17:45:49 IST" name="setup" finished-at="2022-01-04T17:45:58 IST" duration-ms="8328" status="PASS">
          <reporter-output>
          </reporter-output>
        </test-method> <!-- setup -->
        <test-method signature="PublishLogin()[pri:3, instance:com.magplus.testcases.LoginPageTest@54bff557]" started-at="2022-01-04T17:45:58 IST" name="PublishLogin" finished-at="2022-01-04T17:46:03 IST" duration-ms="5233" status="PASS">
          <reporter-output>
          </reporter-output>
        </test-method> <!-- PublishLogin -->
        <test-method is-config="true" signature="tearDown(org.testng.ITestResult)[pri:0, instance:com.magplus.testcases.LoginPageTest@54bff557]" started-at="2022-01-04T17:46:03 IST" name="tearDown" finished-at="2022-01-04T17:46:03 IST" duration-ms="86" status="PASS">
          <params>
            <param index="0">
              <value>
                <![CDATA[[TestResult name=PublishLogin status=SUCCESS method=LoginPageTest.PublishLogin()[pri:3, instance:com.magplus.testcases.LoginPageTest@54bff557] output={null}]]]>
              </value>
            </param>
          </params>
          <reporter-output>
          </reporter-output>
        </test-method> <!-- tearDown -->
        <test-method is-config="true" signature="EndReport()[pri:0, instance:com.magplus.testcases.LoginPageTest@54bff557]" started-at="2022-01-04T17:46:03 IST" name="EndReport" finished-at="2022-01-04T17:46:03 IST" duration-ms="238" status="PASS">
          <reporter-output>
          </reporter-output>
        </test-method> <!-- EndReport -->
      </class> <!-- com.magplus.testcases.LoginPageTest -->
    </test> <!-- Magplus_Login -->
  </suite> <!-- Magplus_Testing -->
</testng-results>
